<?xml version="1.0" encoding="UTF-8"?>
<!-- Generated by org.testng.reporters.JUnitReportReporter -->
<testsuite hostname="Durvesh_Intern" failures="0" tests="2" name="test.Day4" time="0.002" errors="0" timestamp="2024-08-27T18:07:29 IST" skipped="0">
  <testcase classname="test.Day4" name="WebLoginHomeLoan" time="0.001"/>
  <testcase classname="test.Day4" name="LoginAPIHomeLoan" time="0.001"/>
</testsuite> <!-- test.Day4 -->
