<?xml version="1.0" encoding="UTF-8"?>
<!-- Generated by org.testng.reporters.JUnitReportReporter -->
<testsuite hostname="Durvesh_Intern" failures="0" tests="1" name="test.Day2" time="0.001" errors="0" timestamp="2024-08-27T18:07:29 IST" skipped="0">
  <testcase classname="test.Day2" name="Ploan" time="0.001"/>
</testsuite> <!-- test.Day2 -->
