<?xml version="1.0" encoding="UTF-8"?>
<!-- Generated by org.testng.reporters.JUnitReportReporter -->
<testsuite hostname="Durvesh_Intern" failures="0" tests="3" name="test.Day1" time="0.006" errors="0" timestamp="2024-08-27T18:07:29 IST" skipped="0">
  <testcase classname="test.Day1" name="Secondtest" time="0.001"/>
  <testcase classname="test.Day1" name="Abc" time="0.004"/>
  <testcase classname="test.Day1" name="Demo" time="0.001"/>
</testsuite> <!-- test.Day1 -->
