<?xml version="1.0" encoding="UTF-8"?>
<!-- Generated by org.testng.reporters.JUnitReportReporter -->
<testsuite hostname="Durvesh_Intern" failures="0" tests="6" name="test.Day3" time="0.010" errors="0" timestamp="2024-08-27T18:07:29 IST" skipped="1">
  <testcase classname="test.Day3" name="WebLoginCarLoan" time="0.001"/>
  <testcase classname="test.Day3" name="MobileSignOutCarLoan" time="0.002"/>
  <testcase classname="test.Day3" name="MobileSignOutCarLoan" time="0.003"/>
  <testcase classname="test.Day3" name="MobileSignOutCarLoan" time="0.001"/>
  <testcase classname="test.Day3" name="APICarLoan" time="0.003"/>
  <testcase classname="test.Day3" name="MobileSignInCarLoan">
    <skipped/>
  </testcase> <!-- MobileSignInCarLoan -->
</testsuite> <!-- test.Day3 -->
